<?xml version="1.0" ?>
<testsuite errors="3" failures="0" name="HomePageTest.HomePageTest-20190725122628" tests="5" time="34.150">
	<testcase classname="HomePageTest.HomePageTest" name="test_search_button_enable" time="0.109"/>
	<testcase classname="HomePageTest.HomePageTest" name="test_search_by_location" time="0.027"/>
	<testcase classname="HomePageTest.HomePageTest" name="test_count_of_index_section" time="30.042">
		<error message="5 != 0" type="AssertionError">
<![CDATA[Traceback (most recent call last):
  File "/Users/Chuck/PycharmProjects/BookingTest/HomePageTest.py", line 57, in test_count_of_index_section
    self.assertEqual(5, len(index_items))
AssertionError: 5 != 0
]]>		</error>
	</testcase>
	<testcase classname="HomePageTest.HomePageTest" name="test_count_of_promo_items" time="0.029">
		<error message="2 != 3" type="AssertionError">
<![CDATA[Traceback (most recent call last):
  File "/Users/Chuck/PycharmProjects/BookingTest/HomePageTest.py", line 47, in test_count_of_promo_items
    self.assertEqual(2, len(promo_items))
AssertionError: 2 != 3
]]>		</error>
	</testcase>
	<testcase classname="HomePageTest.HomePageTest" name="test_select_currency" time="3.943">
		<error message="False is not true" type="AssertionError">
<![CDATA[Traceback (most recent call last):
  File "/Users/Chuck/PycharmProjects/BookingTest/HomePageTest.py", line 93, in test_select_currency
    self.assertTrue('selected_currency=USD' in self.driver.current_url)
AssertionError: False is not true
]]>		</error>
	</testcase>
	<system-out>
<![CDATA[50
AR$
Argentine Peso
]]>	</system-out>
	<system-err>
<![CDATA[]]>	</system-err>
</testsuite>
